<?xml version="1.0" encoding="UTF-8"?>
<!-- Generated by org.testng.reporters.JUnitReportReporter -->
<testsuite hostname="DESKTOP-NQO6M38" failures="0" tests="4" name="api.test.UserTests" time="9.442" errors="0" timestamp="2025-02-22T14:35:18 IST" skipped="0">
  <testcase classname="api.test.UserTests" name="testPostUser" time="3.831"/>
  <testcase classname="api.test.UserTests" name="testGetUser" time="1.386"/>
  <testcase classname="api.test.UserTests" name="testUpdateUser" time="2.771"/>
  <testcase classname="api.test.UserTests" name="testDeleteUser" time="1.454"/>
</testsuite> <!-- api.test.UserTests -->
