<?xml version="1.0" encoding="UTF-8"?>
<!-- Generated by org.testng.reporters.JUnitReportReporter -->
<testsuite hostname="DESKTOP-NQO6M38" failures="0" tests="10" name="api.test.DataDrivenTests" time="18.763" errors="0" timestamp="2025-02-21T19:14:10 IST" skipped="0">
  <testcase classname="api.test.DataDrivenTests" name="testPostUser" time="1.534"/>
  <testcase classname="api.test.DataDrivenTests" name="testPostUser" time="4.007"/>
  <testcase classname="api.test.DataDrivenTests" name="testPostUser" time="1.608"/>
  <testcase classname="api.test.DataDrivenTests" name="testPostUser" time="1.563"/>
  <testcase classname="api.test.DataDrivenTests" name="testPostUser" time="1.628"/>
  <testcase classname="api.test.DataDrivenTests" name="testDeleteUser" time="1.635"/>
  <testcase classname="api.test.DataDrivenTests" name="testDeleteUser" time="1.737"/>
  <testcase classname="api.test.DataDrivenTests" name="testDeleteUser" time="1.738"/>
  <testcase classname="api.test.DataDrivenTests" name="testDeleteUser" time="1.680"/>
  <testcase classname="api.test.DataDrivenTests" name="testDeleteUser" time="1.633"/>
</testsuite> <!-- api.test.DataDrivenTests -->
