<?xml version="1.0" encoding="UTF-8"?>
<!-- Generated by org.testng.reporters.JUnitReportReporter -->
<testsuite hostname="DESKTOP-NQO6M38" failures="0" tests="10" name="api.test.DDTests" time="19.453" errors="0" timestamp="2025-02-21T21:12:03 IST" skipped="0">
  <testcase classname="api.test.DDTests" name="testPostUser" time="1.635"/>
  <testcase classname="api.test.DDTests" name="testPostUser" time="1.530"/>
  <testcase classname="api.test.DDTests" name="testPostUser" time="1.538"/>
  <testcase classname="api.test.DDTests" name="testPostUser" time="1.633"/>
  <testcase classname="api.test.DDTests" name="testPostUser" time="4.069"/>
  <testcase classname="api.test.DDTests" name="testDeleteUser" time="2.658"/>
  <testcase classname="api.test.DDTests" name="testDeleteUser" time="1.610"/>
  <testcase classname="api.test.DDTests" name="testDeleteUser" time="1.558"/>
  <testcase classname="api.test.DDTests" name="testDeleteUser" time="1.629"/>
  <testcase classname="api.test.DDTests" name="testDeleteUser" time="1.593"/>
</testsuite> <!-- api.test.DDTests -->
