<?xml version="1.0" encoding="UTF-8"?>
<!-- Generated by org.testng.reporters.JUnitReportReporter -->
<testsuite hostname="DESKTOP-NQO6M38" failures="0" tests="10" name="api.test.DDTests" time="17.848" errors="0" timestamp="2025-02-22T15:07:37 IST" skipped="0">
  <testcase classname="api.test.DDTests" name="testPostUser" time="1.657"/>
  <testcase classname="api.test.DDTests" name="testPostUser" time="1.636"/>
  <testcase classname="api.test.DDTests" name="testPostUser" time="1.534"/>
  <testcase classname="api.test.DDTests" name="testPostUser" time="1.531"/>
  <testcase classname="api.test.DDTests" name="testPostUser" time="3.756"/>
  <testcase classname="api.test.DDTests" name="testDeleteUser" time="1.536"/>
  <testcase classname="api.test.DDTests" name="testDeleteUser" time="1.598"/>
  <testcase classname="api.test.DDTests" name="testDeleteUser" time="1.535"/>
  <testcase classname="api.test.DDTests" name="testDeleteUser" time="1.533"/>
  <testcase classname="api.test.DDTests" name="testDeleteUser" time="1.532"/>
</testsuite> <!-- api.test.DDTests -->
