<?xml version="1.0" encoding="UTF-8"?>
<!-- Generated by org.testng.reporters.JUnitReportReporter -->
<testsuite hostname="DESKTOP-NQO6M38" failures="0" tests="4" name="api.test.UserTests" time="8.038" errors="0" timestamp="2025-02-22T15:07:37 IST" skipped="0">
  <testcase classname="api.test.UserTests" name="testPostUser" time="1.740"/>
  <testcase classname="api.test.UserTests" name="testGetUser" time="1.597"/>
  <testcase classname="api.test.UserTests" name="testUpdateUser" time="3.125"/>
  <testcase classname="api.test.UserTests" name="testDeleteUser" time="1.576"/>
</testsuite> <!-- api.test.UserTests -->
